2022-02-10 08:48:03.453514: I tensorflow/stream_executor/cuda/cuda_gpu_executor.cc:939] successful NUMA node read from SysFS had negative value (-1), but there must be at least one NUMA node, so returning NUMA node zero
2022-02-10 08:48:03.453985: I tensorflow/stream_executor/cuda/cuda_gpu_executor.cc:939] successful NUMA node read from SysFS had negative value (-1), but there must be at least one NUMA node, so returning NUMA node zero
2022-02-10 08:48:03.454151: I tensorflow/stream_executor/cuda/cuda_gpu_executor.cc:939] successful NUMA node read from SysFS had negative value (-1), but there must be at least one NUMA node, so returning NUMA node zero
2022-02-10 08:48:03.454394: I tensorflow/core/platform/cpu_feature_guard.cc:151] This TensorFlow binary is optimized with oneAPI Deep Neural Network Library (oneDNN) to use the following CPU instructions in performance-critical operations:  AVX2 FMA
To enable them in other operations, rebuild TensorFlow with the appropriate compiler flags.
2022-02-10 08:48:03.456789: I tensorflow/stream_executor/cuda/cuda_gpu_executor.cc:939] successful NUMA node read from SysFS had negative value (-1), but there must be at least one NUMA node, so returning NUMA node zero
2022-02-10 08:48:03.456967: I tensorflow/stream_executor/cuda/cuda_gpu_executor.cc:939] successful NUMA node read from SysFS had negative value (-1), but there must be at least one NUMA node, so returning NUMA node zero
2022-02-10 08:48:03.457122: I tensorflow/stream_executor/cuda/cuda_gpu_executor.cc:939] successful NUMA node read from SysFS had negative value (-1), but there must be at least one NUMA node, so returning NUMA node zero
2022-02-10 08:48:05.602676: I tensorflow/stream_executor/cuda/cuda_gpu_executor.cc:939] successful NUMA node read from SysFS had negative value (-1), but there must be at least one NUMA node, so returning NUMA node zero
2022-02-10 08:48:05.602894: I tensorflow/stream_executor/cuda/cuda_gpu_executor.cc:939] successful NUMA node read from SysFS had negative value (-1), but there must be at least one NUMA node, so returning NUMA node zero
2022-02-10 08:48:05.603059: I tensorflow/stream_executor/cuda/cuda_gpu_executor.cc:939] successful NUMA node read from SysFS had negative value (-1), but there must be at least one NUMA node, so returning NUMA node zero
2022-02-10 08:48:05.603207: I tensorflow/core/common_runtime/gpu/gpu_device.cc:1525] Created device /job:localhost/replica:0/task:0/device:GPU:0 with 20847 MB memory:  -> device: 0, name: NVIDIA GeForce RTX 3090, pci bus id: 0000:21:00.0, compute capability: 8.6
2022-02-10 08:48:18.751692: I tensorflow/stream_executor/cuda/cuda_blas.cc:1774] TensorFloat-32 will be used for the matrix multiplication. This will only be logged once.
/home/hiroshi_yoshihara/.pyenv/versions/anaconda3-2020.02/envs/idao2022/lib/python3.8/site-packages/keras/optimizer_v2/adam.py:105: UserWarning: The `lr` argument is deprecated, use `learning_rate` instead.
  super(Adam, self).__init__(name, **kwargs)
INFO:megnet_models.callbacks:val energy_within_threshold: 0.00168 mae: 0.44364
INFO:megnet_models.callbacks:best energy_within_threshold: -inf -> 0.00168
Epoch 1/300
19/19 - 40s - loss: 0.4847 - energy_within_threshold: 0.0123 - lr: 5.0000e-04 - 40s/epoch - 2s/step
/home/hiroshi_yoshihara/.pyenv/versions/anaconda3-2020.02/envs/idao2022/lib/python3.8/site-packages/keras/engine/functional.py:1410: CustomMaskWarning: Custom mask layers require a config and must override get_config. When loading, the custom mask layer must be passed to the custom_objects argument.
  layer_config = serialize_layer_fn(layer)
INFO:megnet_models.callbacks:val energy_within_threshold: 0.21886 mae: 0.49107
INFO:megnet_models.callbacks:best energy_within_threshold: 0.00168 -> 0.21886
Epoch 2/300
19/19 - 24s - loss: 0.4514 - energy_within_threshold: 0.0037 - lr: 5.0000e-04 - 24s/epoch - 1s/step
INFO:megnet_models.callbacks:val energy_within_threshold: 0.00000 mae: 0.43601
Epoch 3/300
19/19 - 24s - loss: 0.4601 - energy_within_threshold: 0.0177 - lr: 5.0000e-04 - 24s/epoch - 1s/step
INFO:megnet_models.callbacks:val energy_within_threshold: 0.28956 mae: 0.12565
INFO:megnet_models.callbacks:best energy_within_threshold: 0.21886 -> 0.28956
Epoch 4/300
19/19 - 24s - loss: 0.2631 - energy_within_threshold: 0.0631 - lr: 5.0000e-04 - 24s/epoch - 1s/step
INFO:megnet_models.callbacks:val energy_within_threshold: 0.25084 mae: 0.12656
Epoch 5/300
19/19 - 24s - loss: 0.1333 - energy_within_threshold: 0.2729 - lr: 5.0000e-04 - 24s/epoch - 1s/step
INFO:megnet_models.callbacks:val energy_within_threshold: 0.30808 mae: 0.11830
INFO:megnet_models.callbacks:best energy_within_threshold: 0.28956 -> 0.30808
Epoch 6/300
19/19 - 24s - loss: 0.1299 - energy_within_threshold: 0.3670 - lr: 5.0000e-04 - 24s/epoch - 1s/step
